0 info it worked if it ends with ok
1 verbose cli [ 'C:\\Program Files\\nodejs\\node.exe',
1 verbose cli   'C:\\Users\\Alex\\AppData\\Roaming\\npm\\node_modules\\npm\\bin\\npm-cli.js',
1 verbose cli   'run',
1 verbose cli   'build' ]
2 info using npm@4.0.3
3 info using node@v4.6.0
4 verbose run-script [ 'prebuild', 'build', 'postbuild' ]
5 info lifecycle nerdlevels@0.0.0~prebuild: nerdlevels@0.0.0
6 silly lifecycle nerdlevels@0.0.0~prebuild: no script for prebuild, continuing
7 info lifecycle nerdlevels@0.0.0~build: nerdlevels@0.0.0
8 verbose lifecycle nerdlevels@0.0.0~build: unsafe-perm in lifecycle true
9 verbose lifecycle nerdlevels@0.0.0~build: PATH: C:\Users\Alex\AppData\Roaming\npm\node_modules\npm\bin\node-gyp-bin;C:\Users\Alex\Web Projects\NerdLevels2\public_html\js\NerdLevels\node_modules\.bin;c:\program files (x86)\graphicsmagick-1.3.24-q8;C:\ProgramData\Oracle\Java\javapath;C:\Program Files (x86)\Intel\iCLS Client\;C:\Program Files\Intel\iCLS Client\;C:\Windows\system32;C:\Windows;C:\Windows\System32\Wbem;C:\Windows\System32\WindowsPowerShell\v1.0\;C:\Program Files\Intel\Intel(R) Management Engine Components\DAL;C:\Program Files (x86)\Intel\Intel(R) Management Engine Components\DAL;C:\Program Files\Intel\Intel(R) Management Engine Components\IPT;C:\Program Files (x86)\Intel\Intel(R) Management Engine Components\IPT;C:\Program Files\Intel\WiFi\bin\;C:\Program Files\Common Files\Intel\WirelessCommon\;C:\Users\Alex\.dnx\bin;C:\Program Files\Microsoft DNX\Dnvm\;C:\Program Files\Microsoft SQL Server\120\Tools\Binn\;C:\Program Files (x86)\Skype\Phone\;C:\Program Files (x86)\Brackets\command;C:\Program Files (x86)\GtkSharp\2.12\bin;C:\Program Files\Microsoft SQL Server\130\Tools\Binn\;C:\Program Files\nodejs\;C:\ProgramData\chocolatey\bin;C:\Program Files (x86)\Heroku\bin;C:\Program Files (x86)\git\cmd;C:\Program Files (x86)\Git\cmd;C:\Users\Alex\Web Projects\Heroku\bin;C:\Users\Alex\AppData\Local\.meteor\;C:\Users\Alex\AppData\Roaming\npm
10 verbose lifecycle nerdlevels@0.0.0~build: CWD: C:\Users\Alex\Web Projects\NerdLevels2\public_html\js\NerdLevels
11 silly lifecycle nerdlevels@0.0.0~build: Args: [ '/d /s /c',
11 silly lifecycle   'del-cli public/js/app && webpack --config webpack.config.dev.js --progress --profile --watch' ]
12 silly lifecycle nerdlevels@0.0.0~build: Returned: code: 3221225786  signal: null
13 info lifecycle nerdlevels@0.0.0~build: Failed to exec build script
14 verbose stack Error: nerdlevels@0.0.0 build: `del-cli public/js/app && webpack --config webpack.config.dev.js --progress --profile --watch`
14 verbose stack Exit status 3221225786
14 verbose stack     at EventEmitter.<anonymous> (C:\Users\Alex\AppData\Roaming\npm\node_modules\npm\lib\utils\lifecycle.js:279:16)
14 verbose stack     at emitTwo (events.js:87:13)
14 verbose stack     at EventEmitter.emit (events.js:172:7)
14 verbose stack     at ChildProcess.<anonymous> (C:\Users\Alex\AppData\Roaming\npm\node_modules\npm\lib\utils\spawn.js:40:14)
14 verbose stack     at emitTwo (events.js:87:13)
14 verbose stack     at ChildProcess.emit (events.js:172:7)
14 verbose stack     at maybeClose (internal/child_process.js:829:16)
14 verbose stack     at Process.ChildProcess._handle.onexit (internal/child_process.js:211:5)
15 verbose pkgid nerdlevels@0.0.0
16 verbose cwd C:\Users\Alex\Web Projects\NerdLevels2\public_html\js\NerdLevels
17 error Windows_NT 6.3.9600
18 error argv "C:\\Program Files\\nodejs\\node.exe" "C:\\Users\\Alex\\AppData\\Roaming\\npm\\node_modules\\npm\\bin\\npm-cli.js" "run" "build"
19 error node v4.6.0
20 error npm  v4.0.3
21 error code ELIFECYCLE
22 error nerdlevels@0.0.0 build: `del-cli public/js/app && webpack --config webpack.config.dev.js --progress --profile --watch`
22 error Exit status 3221225786
23 error Failed at the nerdlevels@0.0.0 build script 'del-cli public/js/app && webpack --config webpack.config.dev.js --progress --profile --watch'.
23 error Make sure you have the latest version of node.js and npm installed.
23 error If you do, this is most likely a problem with the nerdlevels package,
23 error not with npm itself.
23 error Tell the author that this fails on your system:
23 error     del-cli public/js/app && webpack --config webpack.config.dev.js --progress --profile --watch
23 error You can get information on how to open an issue for this project with:
23 error     npm bugs nerdlevels
23 error Or if that isn't available, you can get their info via:
23 error     npm owner ls nerdlevels
23 error There is likely additional logging output above.
24 verbose exit [ 1, true ]
